<?xml version="1.0" encoding="UTF-8"?>
<!-- Generated by org.testng.reporters.JUnitReportReporter -->
<testsuite hostname="OJAS-LD13" failures="0" tests="1" name="testngscripts.assertion" time="0.015" errors="0" timestamp="16 Jul 2021 09:28:04 GMT" skipped="0">
  <testcase classname="testngscripts.assertion" name="display" time="0.015"/>
</testsuite> <!-- testngscripts.assertion -->
