<?xml version="1.0" encoding="UTF-8"?>
<!-- Generated by org.testng.reporters.JUnitReportReporter -->
<testsuite hostname="OJAS-LD13" failures="0" tests="2" name="testngscripts.snapdeal" time="18.094" errors="0" timestamp="16 Jul 2021 08:52:46 GMT" skipped="0">
  <testcase classname="testngscripts.snapdeal" name="search" time="11.323"/>
  <testcase classname="testngscripts.snapdeal" name="searching" time="6.771"/>
</testsuite> <!-- testngscripts.snapdeal -->
