<?xml version="1.0" encoding="UTF-8"?>
<!-- Generated by org.testng.reporters.JUnitReportReporter -->
<testsuite hostname="OJAS-LD13" failures="0" tests="1" name="batchexcution.login" time="7.653" errors="0" timestamp="16 Jul 2021 06:29:48 GMT" skipped="0">
  <testcase classname="batchexcution.login" name="login" time="7.653"/>
</testsuite> <!-- batchexcution.login -->
